#! /c/Source/iverilog-install/bin/vvp
:ivl_version "12.0 (devel)" "(s20150603-1110-g18392a46)";
:ivl_delay_selection "TYPICAL";
:vpi_time_precision - 12;
:vpi_module "C:\iverilog\lib\ivl\system.vpi";
:vpi_module "C:\iverilog\lib\ivl\vhdl_sys.vpi";
:vpi_module "C:\iverilog\lib\ivl\vhdl_textio.vpi";
:vpi_module "C:\iverilog\lib\ivl\v2005_math.vpi";
:vpi_module "C:\iverilog\lib\ivl\va_math.vpi";
S_00000240337cbda0 .scope module, "fulladder_tb" "fulladder_tb" 2 4;
 .timescale -9 -12;
v0000024033885c40_0 .var "a", 0 0;
v0000024033885ce0_0 .var "b", 0 0;
v0000024033885d80_0 .var "cin", 0 0;
v0000024033885e20_0 .net "out", 0 0, v00000240337c9960_0;  1 drivers
v00000240337c6c00_0 .net "sum", 0 0, v0000024033885ba0_0;  1 drivers
S_0000024033885a10 .scope module, "aud1" "fulladder" 2 7, 3 1 0, S_00000240337cbda0;
 .timescale 0 0;
    .port_info 0 /INPUT 1 "a";
    .port_info 1 /INPUT 1 "b";
    .port_info 2 /INPUT 1 "cin";
    .port_info 3 /OUTPUT 1 "sum";
    .port_info 4 /OUTPUT 1 "out";
v00000240337c9ce0_0 .net "a", 0 0, v0000024033885c40_0;  1 drivers
v00000240337cbf30_0 .net "b", 0 0, v0000024033885ce0_0;  1 drivers
v0000024033874980_0 .net "cin", 0 0, v0000024033885d80_0;  1 drivers
v00000240337c9960_0 .var "out", 0 0;
v0000024033885ba0_0 .var "sum", 0 0;
E_00000240337cb0e0 .event anyedge, v00000240337c9ce0_0, v00000240337cbf30_0, v0000024033874980_0;
    .scope S_0000024033885a10;
T_0 ;
    %wait E_00000240337cb0e0;
    %load/vec4 v00000240337c9ce0_0;
    %load/vec4 v00000240337cbf30_0;
    %xor;
    %load/vec4 v0000024033874980_0;
    %xor;
    %store/vec4 v0000024033885ba0_0, 0, 1;
    %load/vec4 v00000240337c9ce0_0;
    %load/vec4 v00000240337cbf30_0;
    %and;
    %load/vec4 v0000024033874980_0;
    %load/vec4 v00000240337cbf30_0;
    %and;
    %or;
    %load/vec4 v0000024033874980_0;
    %load/vec4 v00000240337c9ce0_0;
    %and;
    %or;
    %store/vec4 v00000240337c9960_0, 0, 1;
    %jmp T_0;
    .thread T_0, $push;
    .scope S_00000240337cbda0;
T_1 ;
    %vpi_call 2 9 "$dumpfile", "fulladder_tb.vcd" {0 0 0};
    %vpi_call 2 10 "$dumpvars", 32'sb00000000000000000000000000000000, S_00000240337cbda0 {0 0 0};
    %pushi/vec4 0, 0, 1;
    %store/vec4 v0000024033885c40_0, 0, 1;
    %pushi/vec4 0, 0, 1;
    %store/vec4 v0000024033885ce0_0, 0, 1;
    %pushi/vec4 0, 0, 1;
    %store/vec4 v0000024033885d80_0, 0, 1;
    %delay 10000, 0;
    %pushi/vec4 0, 0, 1;
    %store/vec4 v0000024033885c40_0, 0, 1;
    %pushi/vec4 0, 0, 1;
    %store/vec4 v0000024033885ce0_0, 0, 1;
    %pushi/vec4 1, 0, 1;
    %store/vec4 v0000024033885d80_0, 0, 1;
    %delay 10000, 0;
    %pushi/vec4 0, 0, 1;
    %store/vec4 v0000024033885c40_0, 0, 1;
    %pushi/vec4 1, 0, 1;
    %store/vec4 v0000024033885ce0_0, 0, 1;
    %pushi/vec4 0, 0, 1;
    %store/vec4 v0000024033885d80_0, 0, 1;
    %delay 10000, 0;
    %pushi/vec4 0, 0, 1;
    %store/vec4 v0000024033885c40_0, 0, 1;
    %pushi/vec4 1, 0, 1;
    %store/vec4 v0000024033885ce0_0, 0, 1;
    %pushi/vec4 1, 0, 1;
    %store/vec4 v0000024033885d80_0, 0, 1;
    %delay 10000, 0;
    %pushi/vec4 1, 0, 1;
    %store/vec4 v0000024033885c40_0, 0, 1;
    %pushi/vec4 0, 0, 1;
    %store/vec4 v0000024033885ce0_0, 0, 1;
    %pushi/vec4 0, 0, 1;
    %store/vec4 v0000024033885d80_0, 0, 1;
    %delay 10000, 0;
    %pushi/vec4 1, 0, 1;
    %store/vec4 v0000024033885c40_0, 0, 1;
    %pushi/vec4 0, 0, 1;
    %store/vec4 v0000024033885ce0_0, 0, 1;
    %pushi/vec4 1, 0, 1;
    %store/vec4 v0000024033885d80_0, 0, 1;
    %delay 10000, 0;
    %pushi/vec4 1, 0, 1;
    %store/vec4 v0000024033885c40_0, 0, 1;
    %pushi/vec4 1, 0, 1;
    %store/vec4 v0000024033885ce0_0, 0, 1;
    %pushi/vec4 0, 0, 1;
    %store/vec4 v0000024033885d80_0, 0, 1;
    %delay 10000, 0;
    %pushi/vec4 1, 0, 1;
    %store/vec4 v0000024033885c40_0, 0, 1;
    %pushi/vec4 1, 0, 1;
    %store/vec4 v0000024033885ce0_0, 0, 1;
    %pushi/vec4 1, 0, 1;
    %store/vec4 v0000024033885d80_0, 0, 1;
    %delay 10000, 0;
    %end;
    .thread T_1;
    .scope S_00000240337cbda0;
T_2 ;
    %vpi_call 2 22 "$monitor", "time=%g,a=%d,b=%b,cin=%d,sum=%d,out=%d", $time, v0000024033885c40_0, v0000024033885ce0_0, v0000024033885d80_0, v00000240337c6c00_0, v0000024033885e20_0 {0 0 0};
    %end;
    .thread T_2;
    .scope S_00000240337cbda0;
T_3 ;
    %delay 120000, 0;
    %vpi_call 2 23 "$finish" {0 0 0};
    %end;
    .thread T_3;
# The file index is used to find the file name in the following table.
:file_names 4;
    "N/A";
    "<interactive>";
    "fulladder_tb.v";
    "./fulladder.v";
