#! /c/Source/iverilog-install/bin/vvp
:ivl_version "12.0 (devel)" "(s20150603-1110-g18392a46)";
:ivl_delay_selection "TYPICAL";
:vpi_time_precision + 0;
:vpi_module "C:\iverilog\lib\ivl\system.vpi";
:vpi_module "C:\iverilog\lib\ivl\vhdl_sys.vpi";
:vpi_module "C:\iverilog\lib\ivl\vhdl_textio.vpi";
:vpi_module "C:\iverilog\lib\ivl\v2005_math.vpi";
:vpi_module "C:\iverilog\lib\ivl\va_math.vpi";
S_0000020f0b7b6bc0 .scope module, "halfadder" "halfadder" 2 1;
 .timescale 0 0;
    .port_info 0 /INPUT 1 "a";
    .port_info 1 /INPUT 1 "b";
    .port_info 2 /OUTPUT 1 "sum";
    .port_info 3 /OUTPUT 1 "carry";
o0000020f0b806e68 .functor BUFZ 1, C4<z>; HiZ drive
o0000020f0b806e98 .functor BUFZ 1, C4<z>; HiZ drive
L_0000020f0b806150 .functor XOR 1, o0000020f0b806e68, o0000020f0b806e98, C4<0>, C4<0>;
L_0000020f0b7b74b0 .functor AND 1, o0000020f0b806e68, o0000020f0b806e98, C4<1>, C4<1>;
v0000020f0b8060b0_0 .net "a", 0 0, o0000020f0b806e68;  0 drivers
v0000020f0b7b6d50_0 .net "b", 0 0, o0000020f0b806e98;  0 drivers
v0000020f0b7b6df0_0 .net "carry", 0 0, L_0000020f0b7b74b0;  1 drivers
v0000020f0b7b6e90_0 .net "sum", 0 0, L_0000020f0b806150;  1 drivers
# The file index is used to find the file name in the following table.
:file_names 3;
    "N/A";
    "<interactive>";
    "halfadder.v";
