#! /c/Source/iverilog-install/bin/vvp
:ivl_version "12.0 (devel)" "(s20150603-1110-g18392a46)";
:ivl_delay_selection "TYPICAL";
:vpi_time_precision + 0;
:vpi_module "C:\iverilog\lib\ivl\system.vpi";
:vpi_module "C:\iverilog\lib\ivl\vhdl_sys.vpi";
:vpi_module "C:\iverilog\lib\ivl\vhdl_textio.vpi";
:vpi_module "C:\iverilog\lib\ivl\v2005_math.vpi";
:vpi_module "C:\iverilog\lib\ivl\va_math.vpi";
S_000001ed5a4f94f0 .scope module, "halfadder_tb" "halfadder_tb" 2 4;
 .timescale 0 0;
v000001ed5a5457f0_0 .var "a", 0 0;
v000001ed5a545890_0 .var "b", 0 0;
v000001ed5a545930_0 .net "carry", 0 0, L_000001ed5a4f8070;  1 drivers
v000001ed5a5459d0_0 .net "sum", 0 0, L_000001ed5a4fbf70;  1 drivers
S_000001ed5a4f9680 .scope module, "H1" "halfadder" 2 8, 3 1 0, S_000001ed5a4f94f0;
 .timescale 0 0;
    .port_info 0 /INPUT 1 "a";
    .port_info 1 /INPUT 1 "b";
    .port_info 2 /OUTPUT 1 "sum";
    .port_info 3 /OUTPUT 1 "carry";
L_000001ed5a4fbf70 .functor XOR 1, v000001ed5a5457f0_0, v000001ed5a545890_0, C4<0>, C4<0>;
L_000001ed5a4f8070 .functor AND 1, v000001ed5a5457f0_0, v000001ed5a545890_0, C4<1>, C4<1>;
v000001ed5a4f7650_0 .net "a", 0 0, v000001ed5a5457f0_0;  1 drivers
v000001ed5a4f91f0_0 .net "b", 0 0, v000001ed5a545890_0;  1 drivers
v000001ed5a4f7fd0_0 .net "carry", 0 0, L_000001ed5a4f8070;  alias, 1 drivers
v000001ed5a545750_0 .net "sum", 0 0, L_000001ed5a4fbf70;  alias, 1 drivers
    .scope S_000001ed5a4f94f0;
T_0 ;
    %vpi_call 2 10 "$dumpfile", "halfadder_tb.vcd" {0 0 0};
    %vpi_call 2 11 "$dumpvars", 32'sb00000000000000000000000000000000, S_000001ed5a4f94f0 {0 0 0};
    %pushi/vec4 0, 0, 1;
    %store/vec4 v000001ed5a5457f0_0, 0, 1;
    %pushi/vec4 0, 0, 1;
    %store/vec4 v000001ed5a545890_0, 0, 1;
    %delay 10, 0;
    %end;
    .thread T_0;
    .scope S_000001ed5a4f94f0;
T_1 ;
    %delay 1, 0;
    %load/vec4 v000001ed5a545890_0;
    %pad/u 2;
    %addi 1, 0, 2;
    %pad/u 1;
    %store/vec4 v000001ed5a545890_0, 0, 1;
    %jmp T_1;
    .thread T_1;
    .scope S_000001ed5a4f94f0;
T_2 ;
    %delay 2, 0;
    %load/vec4 v000001ed5a5457f0_0;
    %pad/u 2;
    %addi 1, 0, 2;
    %pad/u 1;
    %store/vec4 v000001ed5a5457f0_0, 0, 1;
    %jmp T_2;
    .thread T_2;
    .scope S_000001ed5a4f94f0;
T_3 ;
    %vpi_call 2 17 "$monitor", "a=%b,b=%b,sum=%b,carry=%b", v000001ed5a5457f0_0, v000001ed5a545890_0, v000001ed5a5459d0_0, v000001ed5a545930_0 {0 0 0};
    %end;
    .thread T_3;
    .scope S_000001ed5a4f94f0;
T_4 ;
    %delay 8, 0;
    %vpi_call 2 18 "$finish" {0 0 0};
    %end;
    .thread T_4;
# The file index is used to find the file name in the following table.
:file_names 4;
    "N/A";
    "<interactive>";
    "halfadder_tb.v";
    "./halfadder.v";
